{
  "RSpec": {
    "coverage": {
      "/home/lukas/Ruby/NS Rails/spec/controllers/static_pages_controller_spec.rb": [
        1,
        null,
        1,
        null,
        1,
        1,
        1,
        1,
        null,
        null,
        null,
        1,
        1,
        1,
        1,
        null,
        null,
        null,
        1,
        1,
        1,
        1,
        null,
        null,
        null,
        null,
        null
      ],
      "/home/lukas/Ruby/NS Rails/spec/rails_helper.rb": [
        null,
        1,
        1,
        null,
        1,
        1,
        1,
        null,
        null,
        null,
        null,
        null,
        null,
        null,
        null,
        null,
        null,
        null,
        null,
        null,
        null,
        null,
        null,
        null,
        null,
        null,
        1,
        null,
        1,
        null,
        1,
        null,
        null,
        null,
        null,
        1,
        null,
        null,
        null,
        null,
        null,
        null,
        null,
        null,
        null,
        null,
        null,
        null,
        null,
        null,
        1,
        null,
        null,
        1,
        null,
        null,
        null
      ],
      "/home/lukas/Ruby/NS Rails/config/environment.rb": [
        null,
        1,
        null,
        null,
        1
      ],
      "/home/lukas/Ruby/NS Rails/config/application.rb": [
        1,
        null,
        1,
        null,
        null,
        null,
        1,
        null,
        1,
        1,
        null,
        null,
        null,
        null,
        null,
        null,
        null,
        null,
        null,
        null,
        null,
        null,
        null,
        1,
        null,
        null
      ],
      "/home/lukas/Ruby/NS Rails/config/boot.rb": [
        1,
        null,
        1
      ],
      "/home/lukas/Ruby/NS Rails/config/environments/test.rb": [
        1,
        null,
        null,
        null,
        null,
        null,
        null,
        1,
        null,
        null,
        null,
        null,
        1,
        null,
        null,
        1,
        1,
        null,
        null,
        1,
        1,
        null,
        null,
        1,
        null,
        null,
        1,
        null,
        null,
        null,
        null,
        1,
        null,
        null,
        1,
        null,
        null,
        1,
        null,
        null,
        null,
        null
      ],
      "/home/lukas/Ruby/NS Rails/config/initializers/assets.rb": [
        null,
        null,
        null,
        1,
        null,
        null,
        null,
        null,
        null,
        null,
        null
      ],
      "/home/lukas/Ruby/NS Rails/config/initializers/backtrace_silencers.rb": [
        null,
        null,
        null,
        null,
        null,
        null,
        null
      ],
      "/home/lukas/Ruby/NS Rails/config/initializers/cookies_serializer.rb": [
        null,
        null,
        1
      ],
      "/home/lukas/Ruby/NS Rails/config/initializers/filter_parameter_logging.rb": [
        null,
        null,
        null,
        1
      ],
      "/home/lukas/Ruby/NS Rails/config/initializers/inflections.rb": [
        null,
        null,
        null,
        null,
        null,
        null,
        null,
        null,
        null,
        null,
        null,
        null,
        null,
        null,
        null,
        null
      ],
      "/home/lukas/Ruby/NS Rails/config/initializers/mime_types.rb": [
        null,
        null,
        null,
        null
      ],
      "/home/lukas/Ruby/NS Rails/config/initializers/session_store.rb": [
        null,
        null,
        1
      ],
      "/home/lukas/Ruby/NS Rails/config/initializers/wrap_parameters.rb": [
        null,
        null,
        null,
        null,
        null,
        null,
        1,
        1,
        null,
        null,
        null,
        null,
        null,
        null
      ],
      "/home/lukas/Ruby/NS Rails/spec/factories.rb": [
        1,
        null,
        1,
        23,
        1,
        1,
        23,
        1,
        null,
        null,
        1,
        1,
        1,
        1,
        1,
        1,
        null,
        null
      ],
      "/home/lukas/Ruby/NS Rails/config/routes.rb": [
        1,
        null,
        1,
        null,
        1,
        null,
        1,
        null,
        1,
        null,
        1,
        null,
        null,
        null,
        null,
        null,
        null,
        null,
        null,
        null,
        null,
        null,
        null,
        null,
        null,
        null,
        null,
        null,
        null,
        null,
        null,
        null,
        null,
        null,
        null,
        null,
        null,
        null,
        null,
        null,
        null,
        null,
        null,
        null,
        null,
        null,
        null,
        null,
        null,
        null,
        null,
        null,
        null,
        null,
        null,
        null,
        null,
        null,
        null,
        null,
        null,
        null,
        null,
        null,
        null,
        null
      ],
      "/home/lukas/Ruby/NS Rails/app/helpers/application_helper.rb": [
        1,
        null,
        1,
        0,
        0,
        0,
        null,
        0,
        null,
        null,
        null
      ],
      "/home/lukas/Ruby/NS Rails/app/helpers/static_pages_helper.rb": [
        1,
        null
      ],
      "/home/lukas/Ruby/NS Rails/app/helpers/users_helper.rb": [
        1,
        null
      ],
      "/home/lukas/Ruby/NS Rails/app/controllers/static_pages_controller.rb": [
        1,
        1,
        null,
        null,
        1,
        null,
        null,
        1,
        null,
        null,
        1,
        null,
        null
      ],
      "/home/lukas/Ruby/NS Rails/app/controllers/application_controller.rb": [
        1,
        null,
        null,
        1,
        null
      ],
      "/home/lukas/Ruby/NS Rails/spec/controllers/users_controller_spec.rb": [
        1,
        null,
        1,
        null,
        1,
        1,
        1,
        1,
        null,
        null,
        null,
        null
      ],
      "/home/lukas/Ruby/NS Rails/app/controllers/users_controller.rb": [
        1,
        1,
        null,
        null
      ],
      "/home/lukas/Ruby/NS Rails/spec/helpers/static_pages_helper_spec.rb": [
        1,
        null,
        null,
        null,
        null,
        null,
        null,
        null,
        null,
        null,
        null,
        null,
        1,
        1,
        null
      ],
      "/home/lukas/Ruby/NS Rails/spec/helpers/users_helper_spec.rb": [
        1,
        null,
        null,
        null,
        null,
        null,
        null,
        null,
        null,
        null,
        null,
        null,
        1,
        1,
        null
      ],
      "/home/lukas/Ruby/NS Rails/spec/models/reservation_spec.rb": [
        1,
        null,
        1,
        null,
        null
      ],
      "/home/lukas/Ruby/NS Rails/app/models/reservation.rb": [
        1,
        1,
        1,
        null
      ],
      "/home/lukas/Ruby/NS Rails/spec/models/room_spec.rb": [
        1,
        null,
        1,
        1,
        3,
        null,
        1,
        1,
        1,
        null,
        null,
        null,
        1,
        1,
        1,
        null,
        null,
        null,
        null,
        1,
        11,
        null,
        1,
        1,
        1,
        null,
        null,
        null,
        1,
        1,
        1,
        1,
        2,
        null,
        null,
        null,
        1,
        1,
        1,
        1,
        2,
        null,
        null,
        null,
        1,
        1,
        2,
        null,
        1,
        1,
        1,
        2,
        null,
        null,
        null,
        1,
        1,
        1,
        null,
        null,
        null,
        null,
        1,
        1,
        1,
        1,
        1,
        null,
        null,
        1,
        1,
        null,
        null,
        null,
        1,
        1,
        1,
        1,
        null,
        null,
        1,
        4,
        null,
        null,
        null,
        null,
        1,
        4,
        null,
        1,
        1,
        1,
        null,
        null,
        null,
        1,
        1,
        1,
        null,
        null,
        null,
        1,
        1,
        1,
        null,
        null,
        null,
        null,
        null
      ],
      "/home/lukas/Ruby/NS Rails/app/models/room.rb": [
        1,
        1,
        1,
        null,
        1,
        null,
        1,
        7,
        7,
        5,
        null,
        2,
        null,
        null,
        null,
        1,
        5,
        4,
        4,
        4,
        null,
        1,
        null,
        null,
        null,
        1,
        3,
        2,
        2,
        null,
        1,
        null,
        null,
        null,
        1,
        2,
        1,
        1,
        null,
        1,
        null,
        null,
        null,
        1,
        1,
        1,
        1,
        1,
        null,
        null,
        1,
        8,
        8,
        8,
        5,
        3,
        null,
        null,
        8,
        null,
        null
      ],
      "/home/lukas/Ruby/NS Rails/spec/models/user_spec.rb": [
        1,
        null,
        1,
        1,
        3,
        null,
        1,
        1,
        1,
        null,
        null,
        null,
        1,
        2,
        null,
        1,
        1,
        null,
        null,
        null,
        null,
        1,
        6,
        null,
        1,
        1,
        1,
        null,
        null,
        null,
        1,
        1,
        4,
        null,
        null,
        null,
        1,
        4,
        4,
        null,
        1,
        1,
        1,
        null,
        null,
        null,
        1,
        1,
        1,
        null,
        null,
        null,
        1,
        1,
        1,
        null,
        null,
        null,
        null,
        null
      ],
      "/home/lukas/Ruby/NS Rails/app/models/user.rb": [
        1,
        1,
        1,
        null,
        23,
        null,
        1,
        null,
        null,
        null,
        null,
        1,
        1,
        null,
        null,
        null,
        null,
        1,
        1,
        null,
        1,
        1,
        22,
        null,
        null,
        1,
        2,
        1,
        1,
        null,
        1,
        null,
        null,
        null,
        1,
        2,
        1,
        1,
        null,
        1,
        null,
        null,
        null,
        1,
        5,
        1,
        null,
        4,
        null,
        null,
        null
      ],
      "/home/lukas/Ruby/NS Rails/spec/views/static_pages/help.html.erb_spec.rb": [
        1,
        null,
        1,
        1,
        null
      ],
      "/home/lukas/Ruby/NS Rails/spec/views/static_pages/home.html.erb_spec.rb": [
        1,
        null,
        1,
        1,
        null
      ],
      "/home/lukas/Ruby/NS Rails/spec/views/users/new.html.erb_spec.rb": [
        1,
        null,
        1,
        1,
        null
      ]
    },
    "timestamp": 1452110930
  }
}
